<?xml version="1.0" encoding="UTF-8"?>
<!-- Generated by org.testng.reporters.JUnitReportReporter -->
<testsuite hostname="localhosts" failures="0" tests="3" name="TestNG.BookTickets" time="0.023" errors="0" timestamp="2024-06-24T11:19:03 IST" skipped="0">
  <testcase classname="TestNG.BookTickets" name="bookTicketsTest" time="0.010"/>
  <system-out/>
  <testcase classname="TestNG.BookTickets" name="bookTicketsTest" time="0.007"/>
  <system-out/>
  <testcase classname="TestNG.BookTickets" name="bookTicketsTest" time="0.006"/>
  <system-out/>
</testsuite> <!-- TestNG.BookTickets -->
