<?xml version="1.0" encoding="UTF-8"?>
<!-- Generated by org.testng.reporters.JUnitReportReporter -->
<testsuite hostname="localhosts" failures="0" tests="3" name="TestNG.RegresstionTestExcution" time="0.031" errors="0" timestamp="2024-06-24T11:19:03 IST" skipped="0">
  <testcase classname="TestNG.RegresstionTestExcution" name="modifyProduct" time="0.004"/>
  <system-out/>
  <testcase classname="TestNG.RegresstionTestExcution" name="createProduct" time="0.018"/>
  <system-out/>
  <testcase classname="TestNG.RegresstionTestExcution" name="deleteProduct" time="0.009"/>
  <system-out/>
</testsuite> <!-- TestNG.RegresstionTestExcution -->
