<?xml version="1.0" encoding="UTF-8"?>
<!-- Generated by org.testng.reporters.JUnitReportReporter -->
<testsuite hostname="localhosts" failures="0" tests="1" name="Campaign.CreateCampaignsTest" time="68.589" errors="0" timestamp="2024-07-01T10:29:59 IST" skipped="0">
  <testcase classname="Campaign.CreateCampaignsTest" name="CreateCampaignsTest" time="68.589"/>
  <system-out/>
</testsuite> <!-- Campaign.CreateCampaignsTest -->
