<?xml version="1.0" encoding="UTF-8"?>
<!-- Generated by org.testng.reporters.JUnitReportReporter -->
<testsuite hostname="localhosts" failures="0" tests="3" name="TestNG.DatProviderCreateOrganization" time="160.372" errors="0" timestamp="2024-06-20T17:06:46 IST" skipped="0">
  <testcase classname="TestNG.DatProviderCreateOrganization" name="data" time="33.538"/>
  <system-out/>
  <testcase classname="TestNG.DatProviderCreateOrganization" name="data" time="93.142"/>
  <system-out/>
  <testcase classname="TestNG.DatProviderCreateOrganization" name="data" time="33.692"/>
  <system-out/>
</testsuite> <!-- TestNG.DatProviderCreateOrganization -->
