<?xml version="1.0" encoding="UTF-8"?>
<!-- Generated by org.testng.reporters.JUnitReportReporter -->
<testsuite hostname="localhosts" failures="0" tests="1" name="Practice.GetPropertyFiledataFromXMLTest" time="24.881" errors="0" timestamp="2024-06-24T17:43:26 IST" skipped="0">
  <testcase classname="Practice.GetPropertyFiledataFromXMLTest" name="GetPropertyFiledataFromXMLTest" time="24.881"/>
  <system-out/>
</testsuite> <!-- Practice.GetPropertyFiledataFromXMLTest -->
