<?xml version="1.0" encoding="UTF-8"?>
<!-- Generated by org.testng.reporters.JUnitReportReporter -->
<testsuite hostname="localhosts" failures="0" tests="3" name="TestNG.DataProviderEample4" time="127.342" errors="0" timestamp="2024-06-20T17:16:22 IST" skipped="0">
  <testcase classname="TestNG.DataProviderEample4" name="data" time="53.343"/>
  <system-out/>
  <testcase classname="TestNG.DataProviderEample4" name="data" time="37.379"/>
  <system-out/>
  <testcase classname="TestNG.DataProviderEample4" name="data" time="36.620"/>
  <system-out/>
</testsuite> <!-- TestNG.DataProviderEample4 -->
