<?xml version="1.0" encoding="UTF-8"?>
<!-- Generated by org.testng.reporters.JUnitReportReporter -->
<testsuite hostname="localhosts" failures="0" tests="1" name="Campaign.CreateCampaignWithProductTest" time="71.217" errors="0" timestamp="2024-06-21T11:29:55 IST" skipped="0">
  <testcase classname="Campaign.CreateCampaignWithProductTest" name="CreateCampaignWithProductTest" time="71.217"/>
  <system-out/>
</testsuite> <!-- Campaign.CreateCampaignWithProductTest -->
