<?xml version="1.0" encoding="UTF-8"?>
<!-- Generated by org.testng.reporters.JUnitReportReporter -->
<testsuite hostname="localhosts" failures="0" tests="1" name="Product.CreateProductTest" time="26.096" errors="0" timestamp="2024-06-27T14:29:30 IST" skipped="0">
  <testcase classname="Product.CreateProductTest" name="CreateProductTest" time="26.096"/>
  <system-out/>
</testsuite> <!-- Product.CreateProductTest -->
