<?xml version="1.0" encoding="UTF-8"?>
<!-- Generated by org.testng.reporters.JUnitReportReporter -->
<testsuite hostname="localhosts" failures="0" tests="5" name="TestNG.SampleTestNG" time="0.054" errors="0" timestamp="2024-06-19T11:38:49 IST" skipped="1">
  <testcase classname="TestNG.SampleTestNG" name="createProduct" time="0.029"/>
  <system-out/>
  <testcase classname="TestNG.SampleTestNG" name="createProduct" time="0.009"/>
  <system-out/>
  <testcase classname="TestNG.SampleTestNG" name="createProduct" time="0.010"/>
  <system-out/>
  <testcase classname="TestNG.SampleTestNG" name="modifyProduct" time="0.006"/>
  <system-out/>
  <testcase classname="TestNG.SampleTestNG" name="deleteProduct">
    <skipped/>
  </testcase> <!-- deleteProduct -->
  <system-out/>
</testsuite> <!-- TestNG.SampleTestNG -->
