<?xml version="1.0" encoding="UTF-8"?>
<!-- Generated by org.testng.reporters.JUnitReportReporter -->
<testsuite hostname="localhosts" failures="0" tests="1" name="DDT.FetchDataFromDatabaseTest" time="12.982" errors="0" timestamp="2024-06-19T11:37:29 IST" skipped="0">
  <testcase classname="DDT.FetchDataFromDatabaseTest" name="FetchDataFromDatabaseTest" time="12.982"/>
  <system-out/>
</testsuite> <!-- DDT.FetchDataFromDatabaseTest -->
